1a87610486.png 71
1a9a0575e7.png 160
1a882641b7.png 307
1a6ad5d0f5.png 399
1a1372416e.png 908
1a5e4f1ea5.png 1093
1a09f0e488.png 1122
1a2262a3e2.png 1231
1a7e8d1333.png 1313
1a0edf55d0.png 1572
1a32dcbe14.png 1698
1a2b260920.png 1931
1a94b9e766.png 2754
1a6e8f6bb4.png 2765
1a5d03ee57.png 3164
1a76b5306e.png 3236
1a15b7af7b.png 3355
1a2eabb0c3.png 3454
1a34a98f30.png 3578
1a18014403.png 3758
1a1edcb22e.png 4342
1a82c6ceb1.png 4478
1a03557bc9.png 4487
1a581cf8dc.png 5128
1a47ccd71f.png 5270
1a77e7c340.png 5474
1a1e13330f.png 5486
1a02c6ed21.png 6002
1a075f7dca.png 6009
1a946f9578.png 6738
1a58866300.png 6792
1a81be0043.png 7110
1a40be68a0.png 7163
1a2fcd1d97.png 7581
1a39110dd2.png 7599
1a18ff0317.png 7608
1a2ced7385.png 8058
1a6b84bafe.png 8252
1a40c3df48.png 8488
1a0ad579d6.png 8665
1a0ed4547a.png 8889
1a21be1920.png 9042
1a9bbc08f0.png 9162
1a1ff5fa3a.png 9545
1a54dc3516.png 9895
1a55f14891.png 9962
1a95d53ae7.png 10044
1a884b7c0d.png 10790
1a05bb4310.png 10983
1a88fab9f4.png 11295
1a7f94e874.png 11308
1a0b6373a6.png 11357
1aa3ed75bf.png 11594
1a1187c770.png 12069
1a9a7f75f0.png 12115
1a5b54ddde.png 12168
1a5786171a.png 12171
1aa49f01da.png 12660
1a899ecf3e.png 12808
1a7a704190.png 12994
1a4a910fb0.png 13332
1a19d32972.png 13650
1a6e72339e.png 13970
1a29940a2a.png 14754
1aa3b33b9c.png 14804
1a9e65169c.png 14926
1a540e4d14.png 14956
1a74cd2d65.png 15232
1a7d743779.png 15353
1a9cad39ab.png 15518
1a91e7314b.png 16106
1a891388ce.png 16997
1aa7a2ef9a.png 17689
1a818357ec.png 17778
1a62a5a95c.png 18227
1a276ade5a.png 18709
1a7124b049.png 19463
1a5b8dad61.png 19966
1a13b8ffbf.png 20274
1a1a567b82.png 20494
1a7ccf539e.png 20683
1a7ff7a2f9.png 20734
1a3a9d0428.png 21150
1a2b9838f5.png 22134
1a03d74f3d.png 22186
1a3879e2b2.png 22245
1a913f2400.png 22664
1a9d75dcdc.png 22685
1a45531e3a.png 22862
1a0b320e18.png 22874
1a0d67e736.png 23184
1a4dd31973.png 23408
1a1e8e381c.png 23691
1a40952ad3.png 23811
1a41707515.png 23897
1a4c3aff78.png 23972
1a3a6ddc5a.png 24218
1a80365414.png 24773
1a62930f9d.png 24806
1a02b6fa20.png 24821
1a538cb469.png 25141
1aa52e91de.png 25335
1a4d577b6d.png 25447
1a36974030.png 25715
1a4ffd18db.png 25927
1a133703d6.png 26065
1a4962d224.png 26319
1a59c74dd6.png 26401
1a47663510.png 26478
1a63f0c69f.png 26502
1a4e515ed5.png 27465
1a589fc9fa.png 27819
1a22297e42.png 28035
1a97d16525.png 28722
1a7c5ffcd5.png 28925
1a1c628be6.png 29022
1a52778c8a.png 29047
1a0fff37c7.png 29138
1a1195107e.png 29329
1a2f034c0f.png 29485
1a6332d388.png 30007
1a57ae6614.png 30289
1a2749d86e.png 30448
1a515b05ca.png 30530
1a96b08577.png 31837
1a22f7c8f8.png 31993
1a4042fc8a.png 32606
1a0a2ccbea.png 32753
1a0a2bdae8.png 32768
1a0a5ac59d.png 32914
1a9e93d330.png 32977
1a7566c628.png 33282
1a7d903912.png 33528
1a82864a18.png 33732
1a85bb65eb.png 34510
1a5a56aeb4.png 34711
1a38a73eab.png 34748
1a70e782f0.png 35028
1a79322c47.png 35182
1a59d2a811.png 35344
1a52490c22.png 35530
1a577ec066.png 35577
1a3ddfc458.png 35809
1a7d9f1cbf.png 35980
1a9b978341.png 36267
1a2a89a263.png 36282
1a28096e42.png 36476
1aac4bf748.png 37360
1aa0d9c719.png 37777
1a0b7bf38d.png 38614
1a783bd198.png 39430
1a254e6614.png 39591
1a6a2eea8b.png 40167
1a3286b953.png 40406
1aa63187a8.png 40557
1a18cbe13f.png 40560
1a49bdea66.png 40740
1a0cc15a50.png 40934
1a7c609ca9.png 41114
1a4e9a8847.png 41398
1a21a7cb16.png 41598
1a2c3e366a.png 42022
1a186c5a19.png 42110
1a1356866b.png 42539
1a452dc1e1.png 42567
1a45bea46e.png 42854
1a79039cbc.png 43076
1a9583003f.png 43341
1a24bb91df.png 43416
1a8fc739ad.png 43544
1a6f3b6c4d.png 43988
1a5e60bec9.png 43996
1a59255476.png 44221
1a6cfb257c.png 44606
1a1f54d3ed.png 45461
1a4855d9de.png 45877
1aaa598e3c.png 45881
1a6954b9fb.png 45935
1a084fd254.png 46292
1a0b667b59.png 46334
1a3158a433.png 46391
1a54bf4ffa.png 47478
1a722fe22e.png 47906
1a103ad1a1.png 48916
1a2a8f5b98.png 48968
1a09831ba5.png 49380
1a8fa247c0.png 49595
1a44fc8912.png 49662
1a2363f00b.png 49767
1a9c748b3e.png 49987
1a18ba924c.png 50370
1a647b6f40.png 50745
1a70690d33.png 50792
1a9c25bf23.png 51109
1a00a76d4e.png 51238
1a0bd58a09.png 51379
1a98541592.png 51530
1a8499c038.png 51542
1a2f19b6e6.png 51567
1aaa81d565.png 51682
1a8b10d0a6.png 51818
1a438f3276.png 51996
1a4ef0635c.png 52293
1a40416f9c.png 52369
1a07fcc8fd.png 52470
1a8d28b6f7.png 53077
1a60ee2434.png 53090
1a26687ad4.png 53310
1aaae0b590.png 53498
1a2a58cffb.png 54539
1a67ca8d60.png 54810
1a29d1eb06.png 54996
1a08ef677e.png 55084
1a415f61fe.png 55313
1a0d4af201.png 55338
1a0a0dfbac.png 55392
1a6a8e3967.png 55443
1aac51bc2b.png 55581
1a1d2c08a4.png 55671
1a016974fc.png 55676
1a1942e2b2.png 55770
1a663e592e.png 55861
1a6f5e2049.png 55951
1a9b79f01e.png 56023
1a6e6aed62.png 56096
1aa9144c9d.png 56318
1a54192850.png 56869
1a71113aad.png 57044
1a06d86a6f.png 57823
1a68ddaf18.png 57939
1a3c651eb4.png 58015
1a5c2bd840.png 58051
1a5849201b.png 58251
1a3b8f1761.png 58364
1a66087f98.png 58393
1a60c5589a.png 58437
1a25418b18.png 58471
1a90da3291.png 58587
1a9dd102cd.png 58968
1a1136fe15.png 58976
1a67c566c1.png 59358
1aa5341819.png 59433
1a2dc0fa0f.png 59903
1a0eaaa9b1.png 60413
1a9324f1e0.png 60792
1a3338318a.png 61047
1a0bd8a36d.png 62172
1a942ff364.png 62241
1a899f2523.png 62560
1a31485d16.png 62733
1a329759c7.png 63104
1a0de9ea46.png 63294
1a00349e94.png 63352
1a8d2b4a88.png 63542
1a0699933a.png 63560
1a67021d28.png 64169
1a9aeb0b3d.png 64254
1a89f67bbd.png 64717
1a11319868.png 64906
1aab58b326.png 64979
1a3c154790.png 64992
1a0cecfd8f.png 65203
1a2a3b9a29.png 65846
1a63a91c71.png 66182
1a18539141.png 66257
1a081648b9.png 66385
1a214fb90c.png 66386
1a08441033.png 66555
1a132b93cd.png 66833
1a8c3269ad.png 67148
1a607f229c.png 67214
1a2308c829.png 67327
1a8cf7f2f0.png 67371
1aa3e2702a.png 67540
1a100f6b7d.png 67701
1a57c34240.png 67954
1a43aca365.png 67982
1a2c57eac6.png 68132
1a059cde1d.png 68231
1a2d3b22dc.png 68845
1a5b61ea1d.png 68946
1aa4a26e1c.png 69003
1a06f81451.png 70277
1a47ad956e.png 70706
1a56544f01.png 70866
1a1edd355b.png 71132
1a4f6f46da.png 71210
1a9ca83d4c.png 72083
1a8e5920a8.png 72150
1a1ee0df37.png 72194
1a47d10ddf.png 72351
1a6fe45c04.png 72424
1a0db875f9.png 72823
1a5c8f8836.png 73594
1a8868544a.png 73906
1a255abc66.png 74405
1a0c74eb0b.png 75149
1aa74579cc.png 75176
1a444971e7.png 75377
1a36158db2.png 75816
1a01b27cbb.png 76035
1a55b63025.png 76233
1a3e5985df.png 76341
1a871c80c5.png 76430
1a124a473a.png 76643
1a09891efa.png 77390
1a4def7192.png 77463
1a6553eb9c.png 77623
1a27258688.png 77750
1a9be5e6ba.png 77816
1a13cae475.png 77852
1a4659b5fb.png 78178
1a03840d84.png 78429
1a61173713.png 79121
1a7603b8c2.png 79595
1a31a1b6b5.png 79808
1a776e0f37.png 80043
1a2f728e3a.png 80143
1a9784e372.png 80251
1a57ae18ae.png 81165
1a3634df45.png 81678
1a23b454ec.png 81709
1a1f0d4480.png 81973
1aaa82af5f.png 82484
1a2080f901.png 82749
1a219ee1fa.png 82767
1a5c620180.png 82850
1a992b0ac0.png 82961
1a2deec006.png 83211
1a8cd6f751.png 83379
1a00b6791d.png 83586
1a75ec784d.png 83645
1a625d3752.png 83818
1a6643ff12.png 84160
1a2b91b64d.png 84458
1a94a4ef18.png 84804
1a6a769c1f.png 84885
1a2e586a02.png 84931
1a94c939af.png 85326
1a69cd59ff.png 85687
1a8c81de49.png 85893
1a9dd285a3.png 86253
1a0e1ac449.png 86577
1a489591e7.png 86645
1a1cbd824e.png 86859
1a8ff1c1c9.png 87238
1a087e62ba.png 87384
1a5d138529.png 87778
1aaafa579f.png 88204
1a2530a379.png 88264
1a5a157c71.png 88961
1a9c81ca0f.png 89084
1a04046596.png 89223
1aa8011b2a.png 89470
1a268d7ef6.png 89831
1a5b687d74.png 90369
1a12729ee1.png 90429
1a87872f9c.png 90454
1a3d7076e8.png 90641
1a355ce277.png 91062
1a488d15c8.png 91216
1a9e9375dd.png 91283
1a896d6584.png 91604
1a0d02a326.png 91805
1a525e5356.png 92180
1a89eec1f6.png 92237
1a9da3ccd2.png 92376
1a5d416f0a.png 92667
1aa7286cb1.png 92839
1a6a8c2495.png 92950
1a55035355.png 93396
1a6784f952.png 93741
1a42f2ea46.png 94013
1a6f15b203.png 94424
1a3febf679.png 95574
1aa8fd73c2.png 95600
1a79b9ae9f.png 95616
1a784f6618.png 95662
1aa3f0019f.png 96071
1a20b1b9f2.png 96833
1a84758868.png 96840
1a8b207651.png 97137
1a6da5cc0b.png 97601
1a28ccf0ec.png 97717
1a4fa1fa8f.png 98483
1a981e92fb.png 98803
1a68e4e7ec.png 99271
1a34db03da.png 99583
1a19558ff1.png 99828
1a81554150.png 100099
1a5a8fbdde.png 101361
1a922b6320.png 101887
1a65510f34.png 102724
1a8f6798a1.png 102872
