1ba2cffb3c.png 58
1a87610486.png 71
1c5f0abd11.png 120
1a9a0575e7.png 160
1c7a4617a5.png 263
1be344a743.png 295
1a882641b7.png 307
1c7d2271ab.png 378
1a6ad5d0f5.png 399
1be1fb7939.png 444
1b9f888640.png 507
1b430de29b.png 845
1c7a5e88b7.png 873
1ba3ebbf0c.png 901
1a5e4f1ea5.png 1093
1a09f0e488.png 1122
1a2262a3e2.png 1231
1bfa30705e.png 1257
1a7e8d1333.png 1313
1abd65b421.png 1507
1be3afd0f1.png 1531
1a0edf55d0.png 1572
1baede0b9c.png 1677
1a32dcbe14.png 1698
1a2b260920.png 1931
1ae42cc810.png 2276
1bebd677b7.png 2392
1c1ef44cef.png 2440
1b748eef13.png 2467
1c7d7c1882.png 2470
1be30025c7.png 2548
1b58c9c992.png 2611
1b89bf750d.png 2675
1b0c51785b.png 2749
1a94b9e766.png 2754
1a6e8f6bb4.png 2765
1a83c80825.png 2972
1a5d03ee57.png 3164
1ab54812ae.png 3172
1b1e99867c.png 3230
1a76b5306e.png 3236
1a15b7af7b.png 3355
1b65933e9d.png 3410
1a2eabb0c3.png 3454
1a9ab71a32.png 3474
1bca502307.png 3548
1a34a98f30.png 3578
1ad96ff042.png 3678
1a18014403.png 3758
1c7da09512.png 4005
1af47f26f8.png 4016
1c4babd97f.png 4077
1c4a0f04f7.png 4099
1bbee1e321.png 4100
1ad3a8c785.png 4269
1b153900ba.png 4297
1a1edcb22e.png 4342
1a82c6ceb1.png 4478
1bf0cb4d58.png 4486
1a03557bc9.png 4487
1b851ae5dc.png 4675
1abd920bac.png 4727
1b11ff0a9f.png 4876
1ac5f1a2f5.png 4938
1b8712c13f.png 5019
1b4c9dc5ac.png 5044
1b974713d7.png 5068
1a581cf8dc.png 5128
1ab166e257.png 5195
1b61e03cbf.png 5236
1a47ccd71f.png 5270
1b588cc352.png 5306
1bfcfd0b60.png 5357
1b3ed8a7c3.png 5408
1c1a98d7a6.png 5448
1a77e7c340.png 5474
1a1e13330f.png 5486
1af5c88c42.png 5505
1abf7d834d.png 5618
1b8bd700a6.png 5770
1afa23dd56.png 5905
1ae6273aef.png 5970
1a02c6ed21.png 6002
1a075f7dca.png 6009
1b4845f377.png 6060
1ad162c25b.png 6312
1b155b3a81.png 6371
1b919a26a0.png 6416
1ab6ecb48a.png 6454
1bcc4f7985.png 6595
1ab010ea35.png 6661
1a946f9578.png 6738
1a58866300.png 6792
1afd7c8c26.png 6891
1ae3ebb191.png 7080
1a81be0043.png 7110
1c7eef6aed.png 7155
1a40be68a0.png 7163
1ab16d3cf8.png 7242
1b32cf9e27.png 7388
1b4ae65bd2.png 7450
1bf59987a9.png 7461
1a2fcd1d97.png 7581
1a39110dd2.png 7599
1a18ff0317.png 7608
1b88647a2e.png 7640
1a87e78025.png 7778
1c7f88dd8c.png 7884
1be67b0be1.png 7893
1a2ced7385.png 8058
1b83ae36dc.png 8099
1a6b84bafe.png 8252
1b62bd5ce1.png 8353
1c5c80a79e.png 8371
1ab4476d19.png 8379
1c6f3d7ec9.png 8390
1b3e4c98ad.png 8435
1a40c3df48.png 8488
1ad2097fe8.png 8528
1bec2984ac.png 8570
1b8fd46ec1.png 8636
1a0ad579d6.png 8665
1a94272ea5.png 8694
1ad825d16b.png 8738
1a0ed4547a.png 8889
1b3ad183a2.png 9033
1a21be1920.png 9042
1a9bbc08f0.png 9162
1a648d1bbc.png 9172
1a8aa0621b.png 9248
1b38de0b5e.png 9268
1b82f3c684.png 9417
1afe9aa4cc.png 9531
1a1ff5fa3a.png 9545
1baa2f3504.png 9640
1b49bfaa9b.png 9731
1a54dc3516.png 9895
1a55f14891.png 9962
1b770a5819.png 9973
1a95d53ae7.png 10044
1c7f64c61b.png 10067
1b4719a48d.png 10114
1abaad074b.png 10131
1b01960878.png 10191
1a6da89815.png 10240
1ac50d9934.png 10450
1b3decacf4.png 10525
1b084fcc09.png 10573
1bb0397ba1.png 10716
1afb1c5b7a.png 10774
1a884b7c0d.png 10790
1c3f88c2c6.png 10819
1be6bf04fc.png 10846
1a05bb4310.png 10983
1c00a86f15.png 11199
1ad19beb59.png 11273
1a88fab9f4.png 11295
1a7f94e874.png 11308
1be72d7a48.png 11346
1a0b6373a6.png 11357
1bf4f4777f.png 11554
1aa3ed75bf.png 11594
1c2cea25c3.png 11645
1a1187c770.png 12069
1afd2b7dd9.png 12113
1a9a7f75f0.png 12115
1a5b54ddde.png 12168
1a5786171a.png 12171
1ba3fc19df.png 12210
1c1ca59bd8.png 12325
1bbbb2072b.png 12389
1bcb2a36ef.png 12465
1b1751618c.png 12477
1a70b152af.png 12546
1acb142db9.png 12578
1b71d3c49a.png 12586
1aa49f01da.png 12660
1a899ecf3e.png 12808
1b72d89c66.png 12869
1a7a704190.png 12994
1c7ff682e5.png 13026
1b87ca4d3b.png 13272
1a4a910fb0.png 13332
1b2e899cfe.png 13354
1b8c519040.png 13416
1b99ce3c8f.png 13547
1b4943e3b0.png 13576
1bd026aaaa.png 13586
1b9e145a60.png 13618
1a19d32972.png 13650
1b2efc04ad.png 13653
1b30ee0cdc.png 13823
1a6e72339e.png 13970
1beafd8c97.png 14084
1c9a29e326.png 14187
1b82221971.png 14312
1c10d631e3.png 14333
1b1b5a7b1f.png 14376
1c2e9eb204.png 14413
1aed467d26.png 14520
1c9ba123fa.png 14528
1b7fc0f1fe.png 14535
1c13aed4d8.png 14570
1b1f8071d2.png 14572
1c6f000ee1.png 14699
1a29940a2a.png 14754
1a9e65169c.png 14926
1a540e4d14.png 14956
1baa2d8945.png 15032
1bcc416257.png 15060
1a74cd2d65.png 15232
1a7d743779.png 15353
1b82f2aace.png 15378
1b3c17d03e.png 15387
1a9cad39ab.png 15518
1b4ee0e638.png 15556
1b7ce642c6.png 15583
1acbb2be79.png 15600
1ac5337606.png 15664
1b772c4c99.png 15704
1ab16d8364.png 15839
1bda8b5b5a.png 15876
1c3d30335c.png 15984
1ac865606c.png 16034
1ac1be453c.png 16081
1a91e7314b.png 16106
1abcc9ffc6.png 16112
1b7302e998.png 16333
1ae4f3cf28.png 16348
1b45a55315.png 16601
1bf9c95086.png 16823
1bfc4e8897.png 16878
1b311189f0.png 16975
1a891388ce.png 16997
1c3b31dbf7.png 17185
1b133d04fd.png 17266
1aa7a2ef9a.png 17689
1a818357ec.png 17778
1bbd02862e.png 17793
1c8a4d7a2b.png 17833
1af644755a.png 17911
1bdea73eef.png 17954
1b5a56c7f0.png 17970
1b3c71c49f.png 18041
1bf9b1f87f.png 18068
1b800684aa.png 18225
1a62a5a95c.png 18227
1c4ea597f9.png 18279
1b477772e6.png 18538
1b04c920f0.png 18579
1ac7f7f179.png 18676
1bc12b8d21.png 18705
1a276ade5a.png 18709
1b4393f170.png 18801
1c8d894d12.png 18870
1adebb3199.png 19128
1b79c029bd.png 19207
1b997f71c4.png 19226
1ac4487bb9.png 19374
1b67157efa.png 19375
1b400fd017.png 19380
1c4daa58f1.png 19439
1ae222be69.png 19458
1a7124b049.png 19463
1b1a468fde.png 19620
1b99221fd1.png 19777
1bb996c924.png 19798
1af356ebf2.png 19829
1a5b8dad61.png 19966
1bd5919650.png 20078
1b8f757a5a.png 20108
1b34318f7b.png 20197
1a13b8ffbf.png 20274
1b0980bca7.png 20468
1a1a567b82.png 20494
1b407005d4.png 20605
1afc02e916.png 20623
1a7ccf539e.png 20683
1a7ff7a2f9.png 20734
1c1cd7c0b8.png 21023
1a3a9d0428.png 21150
1ab673f2f8.png 21835
1be0406da8.png 21853
1b947e4508.png 21864
1c7aab9782.png 22044
1af6933699.png 22075
1a2b9838f5.png 22134
1a03d74f3d.png 22186
1a3879e2b2.png 22245
1b11427ff9.png 22411
1a913f2400.png 22664
1c26e93b3b.png 22674
1a9d75dcdc.png 22685
1c6ef6161e.png 22802
1ac1721ba9.png 22820
1baed20c0e.png 22857
1a45531e3a.png 22862
1a0b320e18.png 22874
1b2b5b8688.png 22914
1bfc7267c9.png 23104
1adea9feba.png 23138
1aebbe6723.png 23149
1c9e9ad123.png 23154
1a0d67e736.png 23184
1b496a540f.png 23214
1bcb0e7482.png 23302
1a4dd31973.png 23408
1ad9bc17ce.png 23421
1abba2915c.png 23442
1af1c69e24.png 23587
1a1e8e381c.png 23691
1a40952ad3.png 23811
1bdeb084a4.png 23892
1a41707515.png 23897
1bf0816f51.png 23947
1a4c3aff78.png 23972
1bf1291be8.png 24044
1b3dba6ee0.png 24116
1afe2fcf7f.png 24210
1a3a6ddc5a.png 24218
1b02267f75.png 24494
1aaf23eac2.png 24708
1a80365414.png 24773
1a62930f9d.png 24806
1a02b6fa20.png 24821
1b2daea7a9.png 24825
1b32c4f51f.png 24920
1b5d8c2360.png 24926
1a538cb469.png 25141
1ad7f4fd05.png 25292
1aa52e91de.png 25335
1a4d577b6d.png 25447
1bb98ed632.png 25506
1b44c81c06.png 25520
1a36974030.png 25715
1ae67040c1.png 25738
1bee40f15f.png 25797
1c07da0c0e.png 25899
1a4ffd18db.png 25927
1b935e24b4.png 25956
1ad45797ef.png 26000
1bedc5c462.png 26001
1aca01feab.png 26032
1bd0ccb363.png 26058
1a133703d6.png 26065
1adadcafdf.png 26110
1ae34b0702.png 26302
1a4962d224.png 26319
1a59c74dd6.png 26401
1a47663510.png 26478
1a63f0c69f.png 26502
1b8e494220.png 26526
1b401ac817.png 26586
1c5fb87434.png 26832
1ad007e004.png 26903
1bf5bfc78c.png 26918
1ac899e700.png 27030
1b4028ee7d.png 27069
1bd086095d.png 27096
1b1bea9d9a.png 27130
1b8eea01f5.png 27198
1b81c77b50.png 27316
1c5fca3927.png 27327
1a4e515ed5.png 27465
1ad5763435.png 27518
1aee4fd6be.png 27645
1a589fc9fa.png 27819
1a45047699.png 27895
1a22297e42.png 28035
1bfc9427bf.png 28095
1c0a8dad17.png 28225
1bcbd54a8d.png 28253
1b64fb2d84.png 28295
1aeee60884.png 28308
1bd5e54325.png 28371
1b53b5bad5.png 28375
1bbebbc14d.png 28422
1b9548c4b5.png 28440
1b84ad90dc.png 28454
1ba85d4c0c.png 28458
1ba41cbd2b.png 28477
1c6f94d2af.png 28613
1b5ceb205e.png 28671
1bb3a402ce.png 28714
1a97d16525.png 28722
1c7d67902c.png 28837
1bfdb8a14f.png 28860
1bda2e2782.png 28920
1a7c5ffcd5.png 28925
1ac4f121f7.png 28930
1af6b86ca0.png 28964
1a1c628be6.png 29022
1a52778c8a.png 29047
1a0fff37c7.png 29138
1afb272122.png 29177
1c7f144303.png 29267
1b3d33bdf8.png 29280
1a1195107e.png 29329
1a2f034c0f.png 29485
1b9b1bdf9b.png 29496
1bc179e232.png 29534
1c1b312f76.png 29661
1bfd78094b.png 29987
1a6332d388.png 30007
1b1a242886.png 30012
1b5c7c1d0a.png 30143
1b85a54f01.png 30176
1a55266861.png 30208
1a57ae6614.png 30289
1a2749d86e.png 30448
1ade970c95.png 30501
1bce23a014.png 30518
1c9c7e7365.png 30529
1a515b05ca.png 30530
1bd0127803.png 30735
1bfba6a52f.png 30856
1bb37df13d.png 31012
1bee3470e3.png 31094
1c13ea9fdb.png 31158
1abebf02ec.png 31278
1af6a35790.png 31393
1abb656f98.png 31416
1abeed62d9.png 31556
1be18a1730.png 31562
1bb82e631a.png 31563
1aff1bf6ce.png 31606
1ad450e328.png 31654
1b23ce07e5.png 31697
1acd377abe.png 31769
1a96b08577.png 31837
1aafe849d6.png 31848
1b617bd90a.png 31889
1a22f7c8f8.png 31993
1c6d78afc4.png 32007
1b780852e9.png 32190
1b6cfe43c3.png 32197
1a0598a8b0.png 32319
1bd1efa3b1.png 32376
1aec154b47.png 32429
1bf9c7c5f6.png 32461
1b40157d02.png 32580
1a4042fc8a.png 32606
1bec5a479a.png 32715
1a0a2ccbea.png 32753
1a0a2bdae8.png 32768
1a0a5ac59d.png 32914
1b2bb84706.png 32917
1abb1ebaad.png 32965
1c4a936326.png 32967
1bae420898.png 32970
1a9e93d330.png 32977
1beaf89b3a.png 33049
1ba52d40e3.png 33206
1a7566c628.png 33282
1b9ccc5ff6.png 33304
1be3f2bc11.png 33329
1bacb64540.png 33332
1b1420a484.png 33402
1a7d903912.png 33528
1bec146c7b.png 33557
1b6ea2c9a4.png 33561
1aac14ab5b.png 33584
1be9dab63a.png 33638
1c2ea70f3c.png 33667
1c6ca91a1d.png 33668
1c1abf6d51.png 33688
1af6dfdea5.png 33697
1abc6a80bd.png 33721
1a82864a18.png 33732
1c7da51c3b.png 33813
1b1d80a3fe.png 33887
1bc7961b31.png 33897
1bfdade350.png 33938
1b95724ff8.png 34003
1ad973f6be.png 34008
1ad1a7e812.png 34184
1b7b86e8c7.png 34205
1b9b381ccc.png 34218
1c9f93d748.png 34225
1aacc9cdd6.png 34382
1c6e681325.png 34394
1a85bb65eb.png 34510
1bd748f663.png 34624
1b9ca10372.png 34690
1a5a56aeb4.png 34711
1a38a73eab.png 34748
1be6624506.png 34816
1b2054c56b.png 34974
1a70e782f0.png 35028
1b307db039.png 35049
1a79322c47.png 35182
1a5656db4a.png 35206
1abdd365c5.png 35231
1afaaeb277.png 35240
1ac10fe297.png 35329
1a59d2a811.png 35344
1a428a2d29.png 35406
1a0188a4d2.png 35419
1b0d6e82b5.png 35425
1a52490c22.png 35530
1a577ec066.png 35577
1c7afe6049.png 35779
1b0eb63e2c.png 35803
1a3ddfc458.png 35809
1a7d9f1cbf.png 35980
1c9cd9456a.png 36022
1bb9cf4f03.png 36044
1c17f50803.png 36045
1b95dc0305.png 36075
1abca61b54.png 36112
1b43e7bbcf.png 36200
1c4afba5db.png 36245
1bc399dde0.png 36256
1a9b978341.png 36267
1a2a89a263.png 36282
1b40ce0f01.png 36309
1bb366fbb5.png 36388
1b671bd7c9.png 36423
1a28096e42.png 36476
1abb437dee.png 36630
1b517db927.png 36749
1b4691bf92.png 36869
1b3d2d6034.png 36915
1bf194161c.png 36963
1bda3e3670.png 37041
1b5a617f28.png 37213
1b8d4dc9de.png 37250
1b3484006e.png 37325
1aac4bf748.png 37360
1b38b2bf33.png 37501
1b247e5044.png 37526
1bcf414b9d.png 37530
1b0c5e9325.png 37560
1b9acbb68b.png 37767
1aa0d9c719.png 37777
1ae511ca27.png 37813
1b244675fc.png 37873
1b5dde6c15.png 38040
1b0764753a.png 38069
1ad69c57b2.png 38188
1c2eb9994b.png 38310
1c9d5f30b1.png 38406
1b1ea84d3c.png 38444
1b3eb6b776.png 38448
1b78059f70.png 38497
1a0b7bf38d.png 38614
1b8e8110fb.png 38737
1ada62078c.png 38844
1aeb11b4fe.png 38849
1c5b981a88.png 39156
1a783bd198.png 39430
1a254e6614.png 39591
1c1f8fdbce.png 39676
1b66fd11d9.png 39882
1b52fae1f3.png 40144
1a6a2eea8b.png 40167
1c2d562e09.png 40328
1a3286b953.png 40406
1c2d77813e.png 40545
1aa63187a8.png 40557
1a18cbe13f.png 40560
1b3c52ca15.png 40632
1b9695880a.png 40687
1a49bdea66.png 40740
1b761527dd.png 40791
1bec3f105d.png 40885
1a0cc15a50.png 40934
1bd0094499.png 40981
1ac7942894.png 41092
1a7c609ca9.png 41114
1ab2e81bd9.png 41316
1b6b65219b.png 41319
1a4e9a8847.png 41398
1b8d00f16c.png 41465
1c5f8b10e1.png 41511
1b88bdf715.png 41528
1b89167cf9.png 41543
1a21a7cb16.png 41598
1be139fcbd.png 41633
1c6b149e7b.png 41795
1c6faa65be.png 41819
1b352f8e95.png 41937
1b71fe58b1.png 42004
1a2c3e366a.png 42022
1a186c5a19.png 42110
1c5e31e0c7.png 42135
1b8f20d3cf.png 42294
1a1356866b.png 42539
1a452dc1e1.png 42567
1b1799e242.png 42637
1a45bea46e.png 42854
1ac67e00e3.png 42869
1b11160b87.png 42870
1bb727bd10.png 43050
1a79039cbc.png 43076
1b8bde583c.png 43233
1a42c53e31.png 43246
1bfaa1c060.png 43299
1a9583003f.png 43341
1c0e226e52.png 43355
1a24bb91df.png 43416
1a8fc739ad.png 43544
1b7583f097.png 43577
1bfc7f6b9c.png 43601
1ba8f16070.png 43619
1c23cda22e.png 43709
1aee2c8510.png 43790
1a6f3b6c4d.png 43988
1b708de47c.png 43991
1a5e60bec9.png 43996
1c9a586dbf.png 44151
1a59255476.png 44221
1b010ed9f6.png 44358
1c6ba8b907.png 44388
1b84593ad1.png 44531
1a6cfb257c.png 44606
1b8019d258.png 44672
1b44491d7d.png 44695
1b207ad954.png 44786
1c1ac9f5fb.png 44797
1af5726a22.png 44838
1c1ff06443.png 44870
1c05df23a9.png 45021
1bdc5c0bb1.png 45034
1b08b7114b.png 45089
1b8a6fc297.png 45183
1b756fb645.png 45196
1c7f34c40c.png 45399
1a1f54d3ed.png 45461
1b4690b12b.png 45552
1b0f219d25.png 45559
1accd34871.png 45677
1ac48a6bb2.png 45776
1c5db0a574.png 45876
1a4855d9de.png 45877
1ad1d9fb63.png 45880
1aaa598e3c.png 45881
1b71f73d68.png 45929
1a6954b9fb.png 45935
1be988ad07.png 46081
1b69104e93.png 46156
1b48bdd9ae.png 46188
1a084fd254.png 46292
1a0b667b59.png 46334
1a3158a433.png 46391
1bebb91526.png 46395
1b3027cb58.png 46434
1b28635daa.png 46500
1ae222c23a.png 46572
1b361d9ec9.png 46611
1a9336159b.png 46653
1c3ad1d02f.png 46831
1b1ca5c9c3.png 46868
1b3c504701.png 47192
1b70bf526e.png 47355
1ba0556d36.png 47403
1c01ec8179.png 47425
1b30b4d14a.png 47475
1a54bf4ffa.png 47478
1a0d7329db.png 47519
1bcbbb13e4.png 47539
1b9d75a70f.png 47544
1b88c244aa.png 47558
1bc63819f5.png 47637
1b76e800b2.png 47733
1b3f8c67db.png 47763
1c7dfb1e83.png 47794
1a722fe22e.png 47906
1b1d77baee.png 47926
1b69a72bcc.png 48062
1b07da7214.png 48067
1b89e4354c.png 48105
1b0784a924.png 48235
1ab78b7c4c.png 48338
1ae83a7484.png 48442
1b4324d6b8.png 48850
1c3f52e750.png 48855
1b1e31684d.png 48903
1a103ad1a1.png 48916
1bec4335b2.png 48940
1a2a8f5b98.png 48968
1bfd8c5505.png 49229
1a09831ba5.png 49380
1c4dd5c21b.png 49408
1a8fa247c0.png 49595
1a44fc8912.png 49662
1a2363f00b.png 49767
1c0a45150a.png 49801
1bb252b53a.png 49918
1a9c748b3e.png 49987
1be1b84806.png 50279
1a18ba924c.png 50370
1ae9b51c77.png 50388
1bd01805d5.png 50649
1a647b6f40.png 50745
1a70690d33.png 50792
1c4fab328e.png 50803
1b7fbc8044.png 50821
1c2bf3dd4d.png 50885
1bf9bbf393.png 51021
1baba03963.png 51108
1a9c25bf23.png 51109
1be1a4b399.png 51110
1afbeaada2.png 51134
1b5a03a2ef.png 51165
1c6bcfff60.png 51177
1a00a76d4e.png 51238
1a0bd58a09.png 51379
1bb105ab2f.png 51391
1acfd2b17d.png 51475
1a98541592.png 51530
1a8499c038.png 51542
1a2f19b6e6.png 51567
1c4a9b2e90.png 51652
1af14b9ce4.png 51670
1be0fda33f.png 51679
1aaa81d565.png 51682
1ab7d17edc.png 51714
1c2b9a6fcb.png 51741
1bc7f693ec.png 51745
1bf6865487.png 51755
1b48f623a8.png 51759
1a8b10d0a6.png 51818
1b4e3235f4.png 51874
1b2c7ea05d.png 51900
1af2c0fd51.png 51943
1ae57c676f.png 51974
1b56b9cd14.png 51984
1a438f3276.png 51996
1b088d8694.png 52045
1acea33fc1.png 52183
1b9271085e.png 52237
1af4d30857.png 52276
1a4ef0635c.png 52293
1a0fb44304.png 52350
1a40416f9c.png 52369
1ac93c512e.png 52398
1b3db7ff61.png 52452
1c1f15ddf2.png 52461
1a07fcc8fd.png 52470
1a23c12c5c.png 52597
1bf7c0611e.png 52610
1b0dc0fb21.png 52677
1c4ec5b789.png 52717
1b47b693b7.png 52724
1bdbd3b216.png 52769
1ba9fdb40e.png 52860
1a2b5f7906.png 52900
1ba4b5e251.png 52972
1af48d73dd.png 52998
1b78cf4afb.png 53012
1ae9f114b1.png 53052
1a8d28b6f7.png 53077
1b5d42c32e.png 53083
1c5af6de7b.png 53085
1a60ee2434.png 53090
1ae056e97d.png 53095
1b147d9469.png 53154
1b60e9c29e.png 53166
1be3bdf113.png 53207
1b2094eb99.png 53249
1a537f1a3e.png 53260
1a26687ad4.png 53310
1c8b280a24.png 53355
1adc4254ab.png 53414
1aaae0b590.png 53498
1b1a2868b6.png 53709
1adb037fd5.png 53727
1b418b6291.png 53939
1b75fd016b.png 54033
1bd59d5cfb.png 54036
1bc3b06119.png 54090
1b7ef06e61.png 54118
1b795dd2fd.png 54199
1bee27906c.png 54427
1b10eaa938.png 54523
1a2a58cffb.png 54539
1bee2230a5.png 54667
1ab0bc8ed8.png 54759
1a67ca8d60.png 54810
1b4421466c.png 54957
1a29d1eb06.png 54996
1a08ef677e.png 55084
1b2e8bdbf9.png 55090
1ae878ff79.png 55233
1a415f61fe.png 55313
1b056ade03.png 55325
1a0d4af201.png 55338
1b465eb64e.png 55367
1a0a0dfbac.png 55392
1a6a8e3967.png 55443
1bfac85d03.png 55478
1aac51bc2b.png 55581
1a1d2c08a4.png 55671
1a016974fc.png 55676
1b3ad700dc.png 55759
1a1942e2b2.png 55770
1bc4f25666.png 55781
1acf3ff99c.png 55818
1a663e592e.png 55861
1be49710d0.png 55867
1b49b7baa8.png 55872
1bdc0aa660.png 55875
1a6f5e2049.png 55951
1ae67fda2a.png 55958
1a9b79f01e.png 56023
1a6e6aed62.png 56096
1beb10114c.png 56136
1b0d016d65.png 56207
1bf59fb7f4.png 56292
1ad377dedc.png 56304
1aa9144c9d.png 56318
1b4bd2eea1.png 56402
1bc13a67d6.png 56448
1bb677e561.png 56487
1bf0aabc73.png 56697
1bd5317561.png 56704
1ae3614f2a.png 56810
1b005be713.png 56846
1a573f8cf1.png 56853
1b4b64feba.png 56861
1a54192850.png 56869
1bd2895239.png 56893
1b60e259f0.png 56924
1abea80ad5.png 57007
1a71113aad.png 57044
1b147023d2.png 57313
1b21a0f273.png 57360
1beaee7b13.png 57651
1b8e224350.png 57654
1b3674d09b.png 57674
1be2c98d2a.png 57754
1af2569188.png 57788
1b5776980e.png 57819
1b13ec28e5.png 57822
1a06d86a6f.png 57823
1b97f8e2d4.png 57840
1c9e9d51fc.png 57848
1c2fbefda0.png 57870
1a68ddaf18.png 57939
1b9a0366de.png 57976
1a3c651eb4.png 58015
1a5c2bd840.png 58051
1c7b7a3335.png 58076
1aef140adf.png 58140
1b1c98a2bb.png 58156
1ac8c3dedd.png 58232
1a5849201b.png 58251
1a3b8f1761.png 58364
1a66087f98.png 58393
1a60c5589a.png 58437
1a25418b18.png 58471
1ba6e0d62b.png 58551
1a90da3291.png 58587
1a350b4146.png 58640
1a9dd102cd.png 58968
1aec628cb5.png 58969
1a1136fe15.png 58976
1b12717fd2.png 59034
1a67c566c1.png 59358
1b61db8ae1.png 59370
1ae3309e1e.png 59415
1aa5341819.png 59433
1abba0e652.png 59502
1c13fefa4f.png 59607
1c3a9daede.png 59611
1b01cd54fd.png 59644
1be4980602.png 59665
1b8e1b792c.png 59791
1beb3d8589.png 59834
1a2dc0fa0f.png 59903
1b538a5ad1.png 59926
1b86c5dc31.png 60113
1b2a48c2cc.png 60305
1b940cfc53.png 60339
1b5ba66ad1.png 60348
1b18e05b08.png 60400
1a0eaaa9b1.png 60413
1baf278fd9.png 60449
1b3e367f7b.png 60472
1b8a7d289f.png 60521
1adcf3ff5a.png 60529
1c6d476bfe.png 60701
1a9324f1e0.png 60792
1c3e03f64a.png 60803
1b2876d31b.png 60870
1b89ac6048.png 60936
1c4ffb4465.png 60987
1c1e0eb3b1.png 61030
1a3338318a.png 61047
1ba64c6a29.png 61060
1c03e830d6.png 61191
1acd8b44f4.png 61270
1b81233c68.png 61300
1bcf730273.png 61363
1ac5a8487c.png 61368
1ad73970ca.png 61560
1bca7fe19e.png 61832
1b7e57f0dd.png 61855
1b1e1ed731.png 61861
1bdd9ed0b1.png 61894
1bd0843cd7.png 61923
1b64b1196b.png 61953
1ad692677c.png 62027
1b7aaee628.png 62056
1aee47b54e.png 62150
1a0bd8a36d.png 62172
1a942ff364.png 62241
1b1a98d35f.png 62292
1ab9a229c0.png 62418
1bd67da64c.png 62435
1b336fc8f6.png 62523
1a899f2523.png 62560
1b01af43d8.png 62618
1b02f034df.png 62652
1be6ed1a3e.png 62669
1b4e8eb2e7.png 62731
1a31485d16.png 62733
1bc49f24b7.png 62756
1c6fd14a8d.png 62773
1b9776c364.png 62775
1b21fd4599.png 62906
1c2eae51cb.png 62955
1a329759c7.png 63104
1a0de9ea46.png 63294
1a00349e94.png 63352
1acf78e262.png 63374
1a8d2b4a88.png 63542
1c0b812dbc.png 63548
1a0699933a.png 63560
1b6401bd99.png 63719
1bcb854a7d.png 63785
1b54f6ce7e.png 63787
1b8a029400.png 63811
1b0db20b38.png 64002
1a67021d28.png 64169
1b5aab292b.png 64218
1a9aeb0b3d.png 64254
1c0f3cda89.png 64257
1ac4392ee2.png 64385
1be968e3e8.png 64469
1b296b2194.png 64513
1b2b800fd8.png 64547
1bd631fe86.png 64564
1a89f67bbd.png 64717
1ad6a30688.png 64790
1c1f17fe95.png 64822
1c6a13b7d4.png 64850
1a11319868.png 64906
1b6dda8486.png 64928
1aab58b326.png 64979
1a3c154790.png 64992
1b988746e1.png 65110
1ba051c822.png 65164
1a0cecfd8f.png 65203
1ac88c07b8.png 65246
1b0bcb36f0.png 65290
1a963f957d.png 65473
1bea90184c.png 65594
1a2a3b9a29.png 65846
1bbf14f812.png 65878
1be5d022dd.png 66017
1ba86fd286.png 66073
1aba111688.png 66109
1c02ba430c.png 66155
1a63a91c71.png 66182
1a18539141.png 66257
1a081648b9.png 66385
1a214fb90c.png 66386
1ae8c5b493.png 66499
1a08441033.png 66555
1ab62308e4.png 66656
1bfc56aa5f.png 66680
1a132b93cd.png 66833
1b416e8a21.png 66913
1abc294f2f.png 67074
1a8c3269ad.png 67148
1c6c911c88.png 67176
1a607f229c.png 67214
1b095136b4.png 67228
1ad56902e4.png 67284
1b0e682b8e.png 67319
1a2308c829.png 67327
1a8cf7f2f0.png 67371
1aa3e2702a.png 67540
1b4a2bdec3.png 67608
1a100f6b7d.png 67701
1bb34bd865.png 67726
1a57c34240.png 67954
1bdbe1784f.png 67955
1a43aca365.png 67982
1a2c57eac6.png 68132
1a059cde1d.png 68231
1b19123541.png 68232
1be566220b.png 68348
1a2d3b22dc.png 68845
1c3c60859c.png 68918
1a5b61ea1d.png 68946
1aa4a26e1c.png 69003
1aed4a2d5a.png 69206
1b60d32070.png 69210
1beb352b30.png 69303
1bd865a078.png 69478
1ad04c6235.png 69607
1b769751ba.png 69620
1b7b56a62d.png 69703
1a8196f0f2.png 69848
1abd2ee5f8.png 69929
1ade13359f.png 69978
1b76bd9384.png 70047
1a06f81451.png 70277
1abc722e71.png 70298
1bf63a9f40.png 70310
1b20fb5748.png 70359
1b5c3cc748.png 70376
1bb3128f41.png 70418
1a47ad956e.png 70706
1b39a7bfa0.png 70767
1a56544f01.png 70866
1a1edd355b.png 71132
1a4f6f46da.png 71210
1bc75848b2.png 71231
1aff47c5fc.png 71234
1c09d5fe89.png 71275
1b4d41cdfd.png 71322
1af2a497b9.png 71346
1b37995ad9.png 71414
1aec942f6c.png 71476
1b439cb56d.png 71567
1b25fb0361.png 71585
1ac7762f5c.png 71685
1bd3e1213d.png 71708
1b1de3e07c.png 71768
1beb2af875.png 71831
1ad3672ca5.png 71842
1bf1f9cb36.png 71902
1becd3b352.png 71952
1c5db015a1.png 72016
1beae27a7e.png 72070
1a9ca83d4c.png 72083
1b4f84657e.png 72128
1a8e5920a8.png 72150
1babd85c1a.png 72185
1a1ee0df37.png 72194
1a8300b0a4.png 72282
1b5922887e.png 72292
1a47d10ddf.png 72351
1b85c535ff.png 72383
1b80f5d913.png 72394
1b771204d8.png 72398
1c0af38aad.png 72403
1a6fe45c04.png 72424
1b23577327.png 72597
1bfb61bc69.png 72598
1bc7a6dab5.png 72667
1b4f7699ec.png 72817
1a0db875f9.png 72823
1ba67d54a2.png 72957
1be86973de.png 72982
1c7df755f7.png 72997
1b673e06f4.png 73022
1bdf012356.png 73205
1ae2b25f23.png 73338
1aed2bd25b.png 73385
1b535f1049.png 73450
1ac52ba348.png 73473
1b2060fb12.png 73561
1a5c8f8836.png 73594
1b99b361d5.png 73668
1bb0aa4959.png 73698
1a8868544a.png 73906
1a80347a21.png 73943
1bacf844f5.png 74016
1b705bbf87.png 74248
1b80fe4877.png 74293
1a255abc66.png 74405
1b8d64261a.png 74451
1a517365c6.png 74456
1b8310db76.png 74525
1adcdadfa0.png 74670
1c8e2d043d.png 74725
1ab73f1c3c.png 74835
1b459b4444.png 74904
1b37c32614.png 75005
1a0c74eb0b.png 75149
1be6abc0ff.png 75171
1aa74579cc.png 75176
1c23a25ecb.png 75205
1af8fee56e.png 75270
1bb6638ecb.png 75370
1a444971e7.png 75377
1b49c542bb.png 75384
1c4c4730dc.png 75393
1a6eeaccc7.png 75417
1af0e758db.png 75486
1c3db06d8e.png 75497
1ae3373f8c.png 75795
1af58a7190.png 75813
1a36158db2.png 75816
1a895fc83a.png 75877
1ab8306708.png 75925
1c5a9771f9.png 75929
1b063c250a.png 75966
1a01b27cbb.png 76035
1a7ef8e922.png 76125
1b1b505865.png 76138
1a55b63025.png 76233
1c8f895631.png 76287
1a3e5985df.png 76341
1b841680d2.png 76359
1b96350f38.png 76380
1a871c80c5.png 76430
1a124a473a.png 76643
1baf1d8483.png 76663
1b905c2e30.png 76679
1b99541270.png 76784
1af8cba077.png 76907
1c8e14405c.png 77033
1b18c08469.png 77125
1bfbfd89fb.png 77163
1a09891efa.png 77390
1a4def7192.png 77463
1bebc9574f.png 77530
1b5d936cd8.png 77582
1a6553eb9c.png 77623
1ad0e36c7f.png 77730
1a27258688.png 77750
1a91a96a68.png 77760
1a9be5e6ba.png 77816
1a13cae475.png 77852
1af6ccb9ab.png 77897
1a1cf34c86.png 78057
1a4659b5fb.png 78178
1b05732055.png 78198
1ab2487f78.png 78425
1a03840d84.png 78429
1ab8acb5e8.png 78585
1ae3e9f306.png 78624
1b70aa6f5d.png 78627
1b349224fb.png 78749
1b81051fff.png 78780
1b3b926202.png 78813
1b85b2c34c.png 78826
1bf7c63198.png 78905
1bd90720ec.png 78956
1a9ba6d49d.png 78966
1b812555ea.png 79035
1a61173713.png 79121
1c3cb2854c.png 79254
1bb44812d8.png 79332
1a7603b8c2.png 79595
1a31a1b6b5.png 79808
1b688b5293.png 79830
1c1a59f620.png 80033
1a776e0f37.png 80043
1a2f728e3a.png 80143
1a9784e372.png 80251
1ba47cfcf6.png 80271
1c4fd49b49.png 80310
1ad2300b2c.png 80326
1afb7be9d6.png 80347
1b6bb5a9fc.png 80389
1ac3ec2309.png 80407
1b3516fc31.png 80661
1c2a99a4c8.png 81050
1ad2afc37e.png 81090
1c2d54d16f.png 81146
1a57ae18ae.png 81165
1b6a74e16c.png 81183
1a89cb7fb2.png 81282
1b65ef4740.png 81448
1a75ab9d5e.png 81554
1b619b73b6.png 81581
1baa1bdefd.png 81608
1b97c71e2a.png 81675
1a3634df45.png 81678
1a23b454ec.png 81709
1b3fddb27b.png 81710
1c5e8a1499.png 81879
1be5d2a768.png 81952
1b96a73302.png 81963
1bc344b40f.png 81966
1a1f0d4480.png 81973
1b28537cab.png 82001
1b4275d902.png 82087
1aaa82af5f.png 82484
1b0f811c2d.png 82544
1adaacb2c8.png 82590
1c06fac28d.png 82596
1abd2aaf25.png 82695
1beaa85261.png 82739
1a2080f901.png 82749
1bcc3084c5.png 82758
1a219ee1fa.png 82767
1a5c620180.png 82850
1c9ec65e91.png 82893
1aced28250.png 82925
1b68e10293.png 82947
1a992b0ac0.png 82961
1ac5e009d9.png 83015
1b41f9609c.png 83055
1a2deec006.png 83211
1bc2d6c019.png 83340
1af9bf3c79.png 83361
1bee158d26.png 83372
1a8cd6f751.png 83379
1c3f182059.png 83513
1c3cf45780.png 83547
1a00b6791d.png 83586
1bb266937e.png 83611
1a75ec784d.png 83645
1b4c080a8c.png 83702
1b19db89ba.png 83703
1bc7fc3d88.png 83783
1a625d3752.png 83818
1afcd5b64d.png 83889
1ad74f16cb.png 83898
1b69f90680.png 83947
1bd0d6e3f4.png 84001
1bf011fff5.png 84118
1a6643ff12.png 84160
1ae084c3ce.png 84350
1b4bf5765a.png 84403
1a2b91b64d.png 84458
1bd6c41ada.png 84581
1baf99c7fa.png 84658
1a94a4ef18.png 84804
1a6a769c1f.png 84885
1bd0d0ddf2.png 84917
1a2e586a02.png 84931
1b0cc892b1.png 84937
1c2fb0aa2b.png 85019
1c5c4816e3.png 85186
1b009d40e4.png 85239
1aeb5b902e.png 85261
1a94c939af.png 85326
1be06e3ba9.png 85383
1a69cd59ff.png 85687
1b91389839.png 85727
1aea70513e.png 85751
1be42e1aa8.png 85813
1a8c81de49.png 85893
1c5c672fb5.png 86049
1be210e2bf.png 86113
1b4d9030ed.png 86127
1bf0a41292.png 86131
1abf66a87d.png 86163
1c05dc9ace.png 86213
1a9dd285a3.png 86253
1a9060d791.png 86286
1bf202e2ba.png 86509
1a0e1ac449.png 86577
1b4757328d.png 86590
1a71fec683.png 86634
1a489591e7.png 86645
1bf7e6c09c.png 86696
1b3c5d6d6b.png 86742
1a1cbd824e.png 86859
1b0d405a0f.png 86928
1b3ed95136.png 86964
1a8ff1c1c9.png 87238
1be9151514.png 87318
1b3dc04b7b.png 87319
1a087e62ba.png 87384
1b79ddd0b3.png 87433
1bd451f9fb.png 87449
1c4d1661ed.png 87517
1b1945778e.png 87593
1b8a431b4b.png 87594
1b4ff8cd86.png 87656
1b0f3da7db.png 87747
1a5d138529.png 87778
1b0577cd19.png 87915
1afe70032d.png 87935
1c4e595a38.png 87944
1b4229c970.png 88037
1b9ab59238.png 88044
1ae7255517.png 88045
1aaafa579f.png 88204
1a2530a379.png 88264
1b8657652f.png 88331
1c1c910d6e.png 88681
1b17b65a0d.png 88773
1b3b6bfbcf.png 88851
1a5a157c71.png 88961
1b08ce9077.png 88983
1a9c81ca0f.png 89084
1aff809fc8.png 89186
1a04046596.png 89223
1bac44e9c6.png 89451
1bc720970e.png 89460
1aa8011b2a.png 89470
1c9c7c797c.png 89702
1bd882769d.png 89748
1a268d7ef6.png 89831
1ab4d27432.png 89853
1b4c5513ef.png 89926
1af195044d.png 89996
1adfc66aff.png 90025
1c01bdfc98.png 90216
1bd6798d3c.png 90251
1c5da01d45.png 90344
1bb122c597.png 90355
1a5b687d74.png 90369
1a12729ee1.png 90429
1a87872f9c.png 90454
1b4378127d.png 90507
1bf9a1d4eb.png 90517
1ac1561bc6.png 90528
1bdfa3c3ac.png 90599
1b1bf676b6.png 90600
1a3d7076e8.png 90641
1b8867e9b2.png 90685
1c3a69630b.png 90926
1b90e3111e.png 91027
1a355ce277.png 91062
1c2e67f027.png 91172
1b977bc15a.png 91184
1a488d15c8.png 91216
1c8ed7a7b8.png 91242
1a9e9375dd.png 91283
1bd91f21b1.png 91305
1add101bb6.png 91399
1c9a252654.png 91501
1a896d6584.png 91604
1a0d02a326.png 91805
1b9f1f3838.png 91861
1b0b446ea0.png 91866
1c8ddd6767.png 91982
1aeede4863.png 91991
1be8acf0c7.png 92120
1a525e5356.png 92180
1abbce9441.png 92212
1a89eec1f6.png 92237
1a9da3ccd2.png 92376
1a5d416f0a.png 92667
1c5b6849ad.png 92700
1aa7286cb1.png 92839
1a6a8c2495.png 92950
1af7022927.png 93011
1c06af7f8f.png 93016
1b31a4cdb2.png 93073
1bc8d1ef52.png 93370
1a55035355.png 93396
1bd8fbcd8c.png 93434
1bc76ff720.png 93576
1a6784f952.png 93741
1ba126606a.png 93809
1a42f2ea46.png 94013
1b023298e3.png 94124
1b3babadd9.png 94147
1c3a2c86d0.png 94202
1ae3e4e747.png 94211
1bd19197b5.png 94266
1bd4fd54ea.png 94337
1a6f15b203.png 94424
1c1ebf3482.png 94455
1bcb27a207.png 94551
1c28a17fa2.png 94633
1ad1a28385.png 94712
1aae4d09bb.png 94721
1b0edb8155.png 94735
1bfada4883.png 94875
1bde7aa167.png 94877
1ad505dfdd.png 94894
1b71f306b6.png 95144
1b56e5180f.png 95146
1bd480758a.png 95221
1b3de6e122.png 95230
1b580cb8f0.png 95361
1bc5c1c2ea.png 95437
1a3febf679.png 95574
1aa8fd73c2.png 95600
1a79b9ae9f.png 95616
1bec2e0911.png 95640
1c1d1115ce.png 95653
1a784f6618.png 95662
1be693b6e7.png 95665
1c7ba0a329.png 95803
1ad1dd1d02.png 96000
1b2840cea8.png 96035
1aa3f0019f.png 96071
1bf1164701.png 96157
1b3a9fa4d6.png 96247
1b7f42ec81.png 96272
1b9f470d43.png 96386
1b9c059d9f.png 96424
1b58c9c080.png 96472
1b9060add2.png 96505
1a452435c4.png 96675
1c5e9378f9.png 96701
1a20b1b9f2.png 96833
1a84758868.png 96840
1bcc7c47b8.png 96857
1b6df6c2d0.png 96889
1bcdd66a30.png 96926
1ae695e5b9.png 96977
1b7e204328.png 96989
1af541419a.png 97063
1a8b207651.png 97137
1b4dd175cb.png 97431
1a6da5cc0b.png 97601
1c8df907df.png 97627
1b8e2654dd.png 97683
1a28ccf0ec.png 97717
1bd3c0dccd.png 97773
1c0d3dcbc3.png 97942
1a4fa1fa8f.png 98483
1afc90c5af.png 98493
1bffe7cd41.png 98764
1a981e92fb.png 98803
1aca3e9840.png 98887
1b01dd829e.png 98901
1ae7853ae7.png 99046
1bc9a4c122.png 99052
1b78be9b64.png 99101
1a1f1a5ffc.png 99102
1ae240578b.png 99163
1a68e4e7ec.png 99271
1b8abaa052.png 99289
1afd9d0285.png 99327
1a34db03da.png 99583
1bdc026a62.png 99617
1b920cfd84.png 99622
1abc8338f7.png 99748
1c6f1a877e.png 99771
1a19558ff1.png 99828
1ac2b0c0ad.png 99911
1a9f343b4c.png 99912
1bbce7c378.png 99921
1a81554150.png 100099
1bf90ba723.png 100154
1bc929ebfe.png 100548
1af4acde9a.png 100701
1a5e796566.png 100901
1a7e08552f.png 100940
1ab5422940.png 100967
1bce26af1d.png 101223
1af64a94f2.png 101261
1bbffb96b6.png 101290
1be4cab518.png 101329
1a5a8fbdde.png 101361
1c0f1a8198.png 101402
1b25f6a9b0.png 101502
1ab063274b.png 101524
1c11e7886a.png 101531
1bf11c2b7b.png 101562
1b7ca28d8e.png 101597
1b13051199.png 101701
1be809b6c2.png 101834
1a922b6320.png 101887
1c17c2b354.png 102022
1afd07cd1e.png 102139
1b0b3382d1.png 102163
1b789e30b8.png 102213
1b9a146fb3.png 102228
1a9b995ac1.png 102296
1bbd411c27.png 102313
1b0fd3b112.png 102331
1c1a7eed01.png 102436
1badf84f60.png 102655
1a65510f34.png 102724
1b0949e494.png 102862
1a8f6798a1.png 102872
1acfc8c3b2.png 102934
1bea95a826.png 103072
1c0e4b8e1e.png 103095
1ad367fa0f.png 103121
1bee14d4dd.png 103152
1bd1485c30.png 103288
1b6f17260e.png 103345
1a6e7a17a1.png 103470
1bd4eaf128.png 103503
1bcd3aca22.png 103554
